0 verbose cli /Users/hunnychahar/.nvm/versions/node/v16.20.2/bin/node /Users/hunnychahar/.nvm/versions/node/v16.20.2/bin/npm
1 info using npm@8.19.4
2 info using node@v16.20.2
3 timing npm:load:whichnode Completed in 1ms
4 timing config:load:defaults Completed in 1ms
5 timing config:load:file:/Users/hunnychahar/.nvm/versions/node/v16.20.2/lib/node_modules/npm/npmrc Completed in 1ms
6 timing config:load:builtin Completed in 1ms
7 timing config:load:cli Completed in 2ms
8 timing config:load:env Completed in 1ms
9 timing config:load:file:/Users/hunnychahar/Desktop/w3automation/api/.npmrc Completed in 1ms
10 timing config:load:project Completed in 2ms
11 timing config:load:file:/Users/hunnychahar/.npmrc Completed in 0ms
12 timing config:load:user Completed in 0ms
13 timing config:load:file:/Users/hunnychahar/.nvm/versions/node/v16.20.2/etc/npmrc Completed in 0ms
14 timing config:load:global Completed in 0ms
15 timing config:load:validate Completed in 0ms
16 timing config:load:credentials Completed in 1ms
17 timing config:load:setEnvs Completed in 1ms
18 timing config:load Completed in 9ms
19 timing npm:load:configload Completed in 9ms
20 timing npm:load:mkdirpcache Completed in 0ms
21 timing npm:load:mkdirplogs Completed in 0ms
22 verbose title npm install
23 verbose argv "install"
24 timing npm:load:setTitle Completed in 7ms
25 timing config:load:flatten Completed in 1ms
26 timing npm:load:display Completed in 2ms
27 verbose logfile logs-max:10 dir:/Users/hunnychahar/Desktop/w3automation/api/npm-cache/_logs
28 verbose logfile /Users/hunnychahar/Desktop/w3automation/api/npm-cache/_logs/2025-08-10T07_27_09_506Z-debug-0.log
29 timing npm:load:logFile Completed in 2ms
30 timing npm:load:timers Completed in 1ms
31 timing npm:load:configScope Completed in 0ms
32 timing npm:load Completed in 22ms
33 timing arborist:ctor Completed in 1ms
34 silly logfile done cleaning log files
35 timing idealTree:init Completed in 41ms
36 timing idealTree:userRequests Completed in 0ms
37 silly idealTree buildDeps
38 silly fetch manifest graphql@^16.7.1
39 timing arborist:ctor Completed in 0ms
40 http fetch GET 200 https://registry.npmjs.org/graphql 26ms (cache hit)
41 silly fetch manifest graphql-http@^1.22.0
42 http fetch GET 200 https://registry.npmjs.org/graphql-http 319ms (cache miss)
43 silly placeDep ROOT graphql@16.11.0 OK for: w3automation-backend@1.0.0 want: ^16.7.1
44 silly placeDep ROOT graphql-http@1.22.4 OK for: w3automation-backend@1.0.0 want: ^1.22.0
45 timing idealTree:#root Completed in 352ms
46 timing idealTree:node_modules/graphql Completed in 0ms
47 timing idealTree:node_modules/graphql-http Completed in 0ms
48 timing idealTree:buildDeps Completed in 354ms
49 timing idealTree:fixDepFlags Completed in 0ms
50 warn EBADENGINE Unsupported engine {
50 warn EBADENGINE   package: 'tr46@5.1.1',
50 warn EBADENGINE   required: { node: '>=18' },
50 warn EBADENGINE   current: { node: 'v16.20.2', npm: '8.19.4' }
50 warn EBADENGINE }
51 warn EBADENGINE Unsupported engine {
51 warn EBADENGINE   package: 'whatwg-url@14.2.0',
51 warn EBADENGINE   required: { node: '>=18' },
51 warn EBADENGINE   current: { node: 'v16.20.2', npm: '8.19.4' }
51 warn EBADENGINE }
52 timing idealTree Completed in 398ms
53 timing reify:loadTrees Completed in 398ms
54 timing reify:diffTrees Completed in 1ms
55 silly reify moves {}
56 timing reify:retireShallow Completed in 0ms
57 timing reify:createSparse Completed in 1ms
58 timing reify:loadBundles Completed in 0ms
59 silly audit bulk request {
59 silly audit   '@mongodb-js/saslprep': [ '1.2.2' ],
59 silly audit   '@types/node': [ '22.15.2' ],
59 silly audit   '@types/webidl-conversions': [ '7.0.3' ],
59 silly audit   '@types/whatwg-url': [ '11.0.5', '8.2.2' ],
59 silly audit   accepts: [ '1.3.8' ],
59 silly audit   anymatch: [ '3.1.3' ],
59 silly audit   'array-flatten': [ '1.1.1' ],
59 silly audit   'balanced-match': [ '1.0.2' ],
59 silly audit   bcryptjs: [ '2.4.3' ],
59 silly audit   'binary-extensions': [ '2.3.0' ],
59 silly audit   'body-parser': [ '1.20.3' ],
59 silly audit   'brace-expansion': [ '1.1.11' ],
59 silly audit   braces: [ '3.0.3' ],
59 silly audit   bson: [ '5.5.1', '6.10.3' ],
59 silly audit   'buffer-equal-constant-time': [ '1.0.1' ],
59 silly audit   bytes: [ '3.1.2' ],
59 silly audit   'call-bind-apply-helpers': [ '1.0.2' ],
59 silly audit   'call-bound': [ '1.0.4' ],
59 silly audit   chokidar: [ '3.6.0' ],
59 silly audit   'concat-map': [ '0.0.1' ],
59 silly audit   'content-disposition': [ '0.5.4' ],
59 silly audit   'content-type': [ '1.0.5' ],
59 silly audit   cookie: [ '0.7.1' ],
59 silly audit   'cookie-signature': [ '1.0.6' ],
59 silly audit   cors: [ '2.8.5' ],
59 silly audit   debug: [ '2.6.9', '4.4.0', '3.2.7' ],
59 silly audit   depd: [ '2.0.0' ],
59 silly audit   destroy: [ '1.2.0' ],
59 silly audit   dotenv: [ '16.5.0' ],
59 silly audit   'dunder-proto': [ '1.0.1' ],
59 silly audit   'ecdsa-sig-formatter': [ '1.0.11' ],
59 silly audit   'ee-first': [ '1.1.1' ],
59 silly audit   encodeurl: [ '2.0.0', '1.0.2' ],
59 silly audit   'es-define-property': [ '1.0.1' ],
59 silly audit   'es-errors': [ '1.3.0' ],
59 silly audit   'es-object-atoms': [ '1.1.1' ],
59 silly audit   'escape-html': [ '1.0.3' ],
59 silly audit   etag: [ '1.8.1' ],
59 silly audit   express: [ '4.21.2' ],
59 silly audit   'fill-range': [ '7.1.1' ],
59 silly audit   finalhandler: [ '1.3.1' ],
59 silly audit   forwarded: [ '0.2.0' ],
59 silly audit   fresh: [ '0.5.2' ],
59 silly audit   fsevents: [ '2.3.3' ],
59 silly audit   'function-bind': [ '1.1.2' ],
59 silly audit   'get-intrinsic': [ '1.3.0' ],
59 silly audit   'get-proto': [ '1.0.1' ],
59 silly audit   'glob-parent': [ '5.1.2' ],
59 silly audit   gopd: [ '1.2.0' ],
59 silly audit   'has-flag': [ '3.0.0' ],
59 silly audit   'has-symbols': [ '1.1.0' ],
59 silly audit   hasown: [ '2.0.2' ],
59 silly audit   'http-errors': [ '2.0.0' ],
59 silly audit   'iconv-lite': [ '0.4.24' ],
59 silly audit   'ignore-by-default': [ '1.0.1' ],
59 silly audit   inherits: [ '2.0.4' ],
59 silly audit   'ip-address': [ '9.0.5' ],
59 silly audit   'ipaddr.js': [ '1.9.1' ],
59 silly audit   'is-binary-path': [ '2.1.0' ],
59 silly audit   'is-extglob': [ '2.1.1' ],
59 silly audit   'is-glob': [ '4.0.3' ],
59 silly audit   'is-number': [ '7.0.0' ],
59 silly audit   jsbn: [ '1.1.0' ],
59 silly audit   jsonwebtoken: [ '9.0.2' ],
59 silly audit   ms: [ '2.1.3', '2.0.0' ],
59 silly audit   jwa: [ '1.4.1' ],
59 silly audit   jws: [ '3.2.2' ],
59 silly audit   kareem: [ '2.5.1' ],
59 silly audit   'lodash.includes': [ '4.3.0' ],
59 silly audit   'lodash.isboolean': [ '3.0.3' ],
59 silly audit   'lodash.isinteger': [ '4.0.4' ],
59 silly audit   'lodash.isnumber': [ '3.0.3' ],
59 silly audit   'lodash.isplainobject': [ '4.0.6' ],
59 silly audit   'lodash.isstring': [ '4.0.1' ],
59 silly audit   'lodash.once': [ '4.1.1' ],
59 silly audit   'math-intrinsics': [ '1.1.0' ],
59 silly audit   'media-typer': [ '0.3.0' ],
59 silly audit   'memory-pager': [ '1.5.0' ],
59 silly audit   'merge-descriptors': [ '1.0.3' ],
59 silly audit   methods: [ '1.1.2' ],
59 silly audit   mime: [ '1.6.0' ],
59 silly audit   'mime-db': [ '1.52.0' ],
59 silly audit   'mime-types': [ '2.1.35' ],
59 silly audit   minimatch: [ '3.1.2' ],
59 silly audit   mongodb: [ '6.16.0', '5.9.2' ],
59 silly audit   'mongodb-connection-string-url': [ '3.0.2', '2.6.0' ],
59 silly audit   mongoose: [ '7.8.6' ],
59 silly audit   tr46: [ '3.0.0', '5.1.1' ],
59 silly audit   'whatwg-url': [ '11.0.0', '14.2.0' ],
59 silly audit   mpath: [ '0.9.0' ],
59 silly audit   mquery: [ '5.0.0' ],
59 silly audit   negotiator: [ '0.6.3' ],
59 silly audit   nodemon: [ '2.0.22' ],
59 silly audit   semver: [ '5.7.2', '7.7.1', '7.0.0' ],
59 silly audit   'normalize-path': [ '3.0.0' ],
59 silly audit   'object-assign': [ '4.1.1' ],
59 silly audit   'object-inspect': [ '1.13.4' ],
59 silly audit   'on-finished': [ '2.4.1' ],
59 silly audit   parseurl: [ '1.3.3' ],
59 silly audit   'path-to-regexp': [ '0.1.12' ],
59 silly audit   picomatch: [ '2.3.1' ],
59 silly audit   'proxy-addr': [ '2.0.7' ],
59 silly audit   'pstree.remy': [ '1.1.8' ],
59 silly audit   punycode: [ '2.3.1' ],
59 silly audit   qs: [ '6.13.0' ],
59 silly audit   'range-parser': [ '1.2.1' ],
59 silly audit   'raw-body': [ '2.5.2' ],
59 silly audit   readdirp: [ '3.6.0' ],
59 silly audit   'safe-buffer': [ '5.2.1' ],
59 silly audit   'safer-buffer': [ '2.1.2' ],
59 silly audit   send: [ '0.19.0' ],
59 silly audit   'serve-static': [ '1.16.2' ],
59 silly audit   setprototypeof: [ '1.2.0' ],
59 silly audit   'side-channel': [ '1.1.0' ],
59 silly audit   'side-channel-list': [ '1.0.0' ],
59 silly audit   'side-channel-map': [ '1.0.1' ],
59 silly audit   'side-channel-weakmap': [ '1.0.2' ],
59 silly audit   sift: [ '16.0.1' ],
59 silly audit   'simple-update-notifier': [ '1.1.0' ],
59 silly audit   'smart-buffer': [ '4.2.0' ],
59 silly audit   socks: [ '2.8.4' ],
59 silly audit   'sparse-bitfield': [ '3.0.3' ],
59 silly audit   'sprintf-js': [ '1.1.3' ],
59 silly audit   statuses: [ '2.0.1' ],
59 silly audit   'supports-color': [ '5.5.0' ],
59 silly audit   'to-regex-range': [ '5.0.1' ],
59 silly audit   toidentifier: [ '1.0.1' ],
59 silly audit   touch: [ '3.1.1' ],
59 silly audit   'type-is': [ '1.6.18' ],
59 silly audit   undefsafe: [ '2.0.5' ],
59 silly audit   'undici-types': [ '6.21.0' ],
59 silly audit   unpipe: [ '1.0.0' ],
59 silly audit   'utils-merge': [ '1.0.1' ],
59 silly audit   vary: [ '1.1.2' ],
59 silly audit   'webidl-conversions': [ '7.0.0' ],
59 silly audit   graphql: [ '16.11.0' ],
59 silly audit   'graphql-http': [ '1.22.4' ]
59 silly audit }
60 silly tarball no local data for graphql-http@https://registry.npmjs.org/graphql-http/-/graphql-http-1.22.4.tgz. Extracting by manifest.
61 silly tarball no local data for graphql@https://registry.npmjs.org/graphql/-/graphql-16.11.0.tgz. Extracting by manifest.
62 http fetch GET 200 https://registry.npmjs.org/graphql-http/-/graphql-http-1.22.4.tgz 187ms (cache miss)
63 timing reifyNode:node_modules/graphql-http Completed in 191ms
64 http fetch GET 200 https://registry.npmjs.org/graphql/-/graphql-16.11.0.tgz 230ms (cache miss)
65 timing reifyNode:node_modules/graphql Completed in 234ms
66 timing reify:unpack Completed in 234ms
67 timing reify:unretire Completed in 0ms
68 timing build:queue Completed in 0ms
69 timing build:deps Completed in 0ms
70 timing build Completed in 0ms
71 timing reify:build Completed in 1ms
72 timing reify:trash Completed in 0ms
73 timing reify:save Completed in 12ms
74 http fetch POST 200 https://registry.npmjs.org/-/npm/v1/security/advisories/bulk 396ms
75 timing auditReport:getReport Completed in 397ms
76 silly audit report {
76 silly audit report   'brace-expansion': [
76 silly audit report     {
76 silly audit report       id: 1105443,
76 silly audit report       url: 'https://github.com/advisories/GHSA-v6h2-p8h4-qcjw',
76 silly audit report       title: 'brace-expansion Regular Expression Denial of Service vulnerability',
76 silly audit report       severity: 'low',
76 silly audit report       vulnerable_versions: '>=1.0.0 <=1.1.11',
76 silly audit report       cwe: [Array],
76 silly audit report       cvss: [Object]
76 silly audit report     }
76 silly audit report   ],
76 silly audit report   semver: [
76 silly audit report     {
76 silly audit report       id: 1101088,
76 silly audit report       url: 'https://github.com/advisories/GHSA-c2qf-rxjj-qqgw',
76 silly audit report       title: 'semver vulnerable to Regular Expression Denial of Service',
76 silly audit report       severity: 'high',
76 silly audit report       vulnerable_versions: '>=7.0.0 <7.5.2',
76 silly audit report       cwe: [Array],
76 silly audit report       cvss: [Object]
76 silly audit report     }
76 silly audit report   ]
76 silly audit report }
77 timing metavuln:cache:get:security-advisory:brace-expansion:7IQMvcVTr+svbh5KCx4Kl6FQKJ1GciM03BnJAve/5WYJjUeRzKAIrStVpfachbl3T6a7o8nYlQEVG6Ih0TNXRg== Completed in 1ms
78 timing metavuln:cache:get:security-advisory:semver:Naq1CJMfecJBJMmqOv5emO+A914rqdkiOI2bP060S0GlI/Ryqht9JKmX0fFLz2hhwbvhm515GDG4KjMr9woLSw== Completed in 1ms
79 http fetch GET 200 https://registry.npmjs.org/semver 77ms (cache miss)
80 timing metavuln:packument:semver Completed in 78ms
81 timing metavuln:load:security-advisory:semver:1101088 Completed in 2ms
82 timing metavuln:cache:put:security-advisory:semver:Naq1CJMfecJBJMmqOv5emO+A914rqdkiOI2bP060S0GlI/Ryqht9JKmX0fFLz2hhwbvhm515GDG4KjMr9woLSw== Completed in 3ms
83 timing metavuln:calculate:security-advisory:semver:1101088 Completed in 84ms
84 http fetch GET 200 https://registry.npmjs.org/brace-expansion 143ms (cache miss)
85 timing metavuln:packument:brace-expansion Completed in 143ms
86 timing metavuln:load:security-advisory:brace-expansion:1105443 Completed in 1ms
87 timing metavuln:cache:put:security-advisory:brace-expansion:7IQMvcVTr+svbh5KCx4Kl6FQKJ1GciM03BnJAve/5WYJjUeRzKAIrStVpfachbl3T6a7o8nYlQEVG6Ih0TNXRg== Completed in 2ms
88 timing metavuln:calculate:security-advisory:brace-expansion:1105443 Completed in 146ms
89 timing metavuln:cache:get:security-advisory:minimatch:EdzP79sukXfwnaTxyFO/a1+fXPBBvIH9NlsgWGTGWGSpQkNPxYQxFaMxiKCAwfckwBABbsvD1jCrk+QZ4W56Rw== Completed in 1ms
90 http fetch GET 200 https://registry.npmjs.org/minimatch 65ms (cache miss)
91 timing metavuln:packument:minimatch Completed in 66ms
92 timing metavuln:load:security-advisory:minimatch:7IQMvcVTr+svbh5KCx4Kl6FQKJ1GciM03BnJAve/5WYJjUeRzKAIrStVpfachbl3T6a7o8nYlQEVG6Ih0TNXRg== Completed in 3ms
93 timing metavuln:cache:put:security-advisory:minimatch:EdzP79sukXfwnaTxyFO/a1+fXPBBvIH9NlsgWGTGWGSpQkNPxYQxFaMxiKCAwfckwBABbsvD1jCrk+QZ4W56Rw== Completed in 3ms
94 timing metavuln:calculate:security-advisory:minimatch:7IQMvcVTr+svbh5KCx4Kl6FQKJ1GciM03BnJAve/5WYJjUeRzKAIrStVpfachbl3T6a7o8nYlQEVG6Ih0TNXRg== Completed in 72ms
95 timing metavuln:cache:get:security-advisory:simple-update-notifier:3D0+ewfBJVLSC55Ac9aDQe+s3byWtrYONaseEXKw/7MZaGNOSuzDVBEeAnycicqfqGYTq8Wv/Paae8vS61HzMA== Completed in 1ms
96 http fetch GET 200 https://registry.npmjs.org/simple-update-notifier 75ms (cache miss)
97 timing metavuln:packument:simple-update-notifier Completed in 75ms
98 timing metavuln:load:security-advisory:simple-update-notifier:Naq1CJMfecJBJMmqOv5emO+A914rqdkiOI2bP060S0GlI/Ryqht9JKmX0fFLz2hhwbvhm515GDG4KjMr9woLSw== Completed in 2ms
99 timing metavuln:cache:put:security-advisory:simple-update-notifier:3D0+ewfBJVLSC55Ac9aDQe+s3byWtrYONaseEXKw/7MZaGNOSuzDVBEeAnycicqfqGYTq8Wv/Paae8vS61HzMA== Completed in 2ms
100 timing metavuln:calculate:security-advisory:simple-update-notifier:Naq1CJMfecJBJMmqOv5emO+A914rqdkiOI2bP060S0GlI/Ryqht9JKmX0fFLz2hhwbvhm515GDG4KjMr9woLSw== Completed in 79ms
101 timing metavuln:cache:get:security-advisory:nodemon:bZ0p4UCfr+xjNmG1CmNsH8nAtWLH0Dr8feoTz4BkvEmgbAjGCXc+iS/MNjVvKRg0fVrGHwIaci/7CQ4VmlPfuw== Completed in 1ms
102 http fetch GET 200 https://registry.npmjs.org/nodemon 107ms (cache miss)
103 timing metavuln:packument:nodemon Completed in 110ms
104 timing metavuln:load:security-advisory:nodemon:3D0+ewfBJVLSC55Ac9aDQe+s3byWtrYONaseEXKw/7MZaGNOSuzDVBEeAnycicqfqGYTq8Wv/Paae8vS61HzMA== Completed in 5ms
105 timing metavuln:cache:put:security-advisory:nodemon:bZ0p4UCfr+xjNmG1CmNsH8nAtWLH0Dr8feoTz4BkvEmgbAjGCXc+iS/MNjVvKRg0fVrGHwIaci/7CQ4VmlPfuw== Completed in 2ms
106 timing metavuln:calculate:security-advisory:nodemon:3D0+ewfBJVLSC55Ac9aDQe+s3byWtrYONaseEXKw/7MZaGNOSuzDVBEeAnycicqfqGYTq8Wv/Paae8vS61HzMA== Completed in 117ms
107 timing auditReport:init Completed in 417ms
108 timing reify:audit Completed in 815ms
109 timing reify Completed in 1221ms
110 silly ADD node_modules/graphql-http
111 silly ADD node_modules/graphql
112 timing command:install Completed in 1230ms
113 verbose exit 0
114 timing npm Completed in 1302ms
115 info ok
