0 verbose cli /Users/hunnychahar/.nvm/versions/node/v16.20.2/bin/node /Users/hunnychahar/.nvm/versions/node/v16.20.2/bin/npm
1 info using npm@8.19.4
2 info using node@v16.20.2
3 timing npm:load:whichnode Completed in 0ms
4 timing config:load:defaults Completed in 1ms
5 timing config:load:file:/Users/hunnychahar/.nvm/versions/node/v16.20.2/lib/node_modules/npm/npmrc Completed in 0ms
6 timing config:load:builtin Completed in 1ms
7 timing config:load:cli Completed in 0ms
8 timing config:load:env Completed in 1ms
9 timing config:load:file:/Users/hunnychahar/Desktop/w3automation/api/.npmrc Completed in 0ms
10 timing config:load:project Completed in 3ms
11 timing config:load:file:/Users/hunnychahar/.npmrc Completed in 0ms
12 timing config:load:user Completed in 0ms
13 timing config:load:file:/Users/hunnychahar/.nvm/versions/node/v16.20.2/etc/npmrc Completed in 0ms
14 timing config:load:global Completed in 0ms
15 timing config:load:validate Completed in 1ms
16 timing config:load:credentials Completed in 0ms
17 timing config:load:setEnvs Completed in 0ms
18 timing config:load Completed in 7ms
19 timing npm:load:configload Completed in 7ms
20 timing npm:load:mkdirpcache Completed in 1ms
21 timing npm:load:mkdirplogs Completed in 0ms
22 verbose title npm install
23 verbose argv "install"
24 timing npm:load:setTitle Completed in 7ms
25 timing config:load:flatten Completed in 1ms
26 timing npm:load:display Completed in 2ms
27 verbose logfile logs-max:10 dir:/Users/hunnychahar/Desktop/w3automation/api/npm-cache/_logs
28 verbose logfile /Users/hunnychahar/Desktop/w3automation/api/npm-cache/_logs/2025-08-10T07_23_40_262Z-debug-0.log
29 timing npm:load:logFile Completed in 2ms
30 timing npm:load:timers Completed in 0ms
31 timing npm:load:configScope Completed in 0ms
32 timing npm:load Completed in 19ms
33 timing arborist:ctor Completed in 0ms
34 silly logfile done cleaning log files
35 timing idealTree:init Completed in 40ms
36 timing idealTree:userRequests Completed in 0ms
37 silly idealTree buildDeps
38 silly fetch manifest graphql@^16.7.1
39 timing arborist:ctor Completed in 0ms
40 http fetch GET 200 https://registry.npmjs.org/graphql 237ms (cache miss)
41 silly fetch manifest express-graphql@^0.12.0
42 http fetch GET 200 https://registry.npmjs.org/npm 295ms (cache miss)
43 http fetch GET 200 https://registry.npmjs.org/express-graphql 74ms (cache miss)
44 silly fetch manifest graphql@^14.7.0 || ^15.3.0
45 timing idealTree Completed in 363ms
46 timing command:install Completed in 384ms
47 notice
47 notice New [31mmajor[39m version of npm available! [31m8.19.4[39m -> [32m11.5.2[39m
47 notice Changelog: [36mhttps://github.com/npm/cli/releases/tag/v11.5.2[39m
47 notice Run [32mnpm install -g npm@11.5.2[39m to update!
47 notice
48 verbose stack Error: unable to resolve dependency tree
48 verbose stack     at Arborist.[failPeerConflict] (/Users/hunnychahar/.nvm/versions/node/v16.20.2/lib/node_modules/npm/node_modules/@npmcli/arborist/lib/arborist/build-ideal-tree.js:1381:25)
48 verbose stack     at Arborist.[loadPeerSet] (/Users/hunnychahar/.nvm/versions/node/v16.20.2/lib/node_modules/npm/node_modules/@npmcli/arborist/lib/arborist/build-ideal-tree.js:1347:34)
48 verbose stack     at async Arborist.[buildDepStep] (/Users/hunnychahar/.nvm/versions/node/v16.20.2/lib/node_modules/npm/node_modules/@npmcli/arborist/lib/arborist/build-ideal-tree.js:930:11)
48 verbose stack     at async Arborist.buildIdealTree (/Users/hunnychahar/.nvm/versions/node/v16.20.2/lib/node_modules/npm/node_modules/@npmcli/arborist/lib/arborist/build-ideal-tree.js:211:7)
48 verbose stack     at async Promise.all (index 1)
48 verbose stack     at async Arborist.reify (/Users/hunnychahar/.nvm/versions/node/v16.20.2/lib/node_modules/npm/node_modules/@npmcli/arborist/lib/arborist/reify.js:154:5)
48 verbose stack     at async Install.exec (/Users/hunnychahar/.nvm/versions/node/v16.20.2/lib/node_modules/npm/lib/commands/install.js:145:5)
48 verbose stack     at async module.exports (/Users/hunnychahar/.nvm/versions/node/v16.20.2/lib/node_modules/npm/lib/cli.js:78:5)
49 verbose cwd /Users/hunnychahar/Desktop/w3automation/api
50 verbose Darwin 25.0.0
51 verbose node v16.20.2
52 verbose npm  v8.19.4
53 error code ERESOLVE
54 error ERESOLVE unable to resolve dependency tree
55 error
56 error While resolving: [1mw3automation-backend[22m@[1m1.0.0[22m
56 error Found: [1mgraphql[22m@[1m16.11.0[22m[2m[22m
56 error [2mnode_modules/graphql[22m
56 error   [1mgraphql[22m@"[1m^16.7.1[22m" from the root project
56 error
56 error Could not resolve dependency:
56 error [35mpeer[39m [1mgraphql[22m@"[1m^14.7.0 || ^15.3.0[22m" from [1mexpress-graphql[22m@[1m0.12.0[22m[2m[22m
56 error [2mnode_modules/express-graphql[22m
56 error   [1mexpress-graphql[22m@"[1m^0.12.0[22m" from the root project
56 error
56 error Fix the upstream dependency conflict, or retry
56 error this command with --force, or --legacy-peer-deps
56 error to accept an incorrect (and potentially broken) dependency resolution.
56 error
56 error See /Users/hunnychahar/Desktop/w3automation/api/npm-cache/eresolve-report.txt for a full report.
57 verbose exit 1
58 timing npm Completed in 498ms
59 verbose unfinished npm timer reify 1754810620373
60 verbose unfinished npm timer reify:loadTrees 1754810620393
61 verbose unfinished npm timer idealTree:buildDeps 1754810620433
62 verbose unfinished npm timer idealTree:#root 1754810620433
63 verbose code 1
64 error A complete log of this run can be found in:
64 error     /Users/hunnychahar/Desktop/w3automation/api/npm-cache/_logs/2025-08-10T07_23_40_262Z-debug-0.log
