0 verbose cli /Users/hunnychahar/.nvm/versions/node/v22.17.1/bin/node /Users/hunnychahar/.nvm/versions/node/v22.17.1/bin/npm
1 info using npm@10.9.2
2 info using node@v22.17.1
3 silly config load:file:/Users/hunnychahar/.nvm/versions/node/v22.17.1/lib/node_modules/npm/npmrc
4 silly config load:file:/Users/hunnychahar/Desktop/w3automation/api/.npmrc
5 silly config load:file:/Users/hunnychahar/.npmrc
6 silly config load:file:/Users/hunnychahar/.nvm/versions/node/v22.17.1/etc/npmrc
7 verbose title npm install @monaco-editor/react monaco-editor
8 verbose argv "install" "@monaco-editor/react" "monaco-editor"
9 verbose logfile logs-max:10 dir:/Users/hunnychahar/Desktop/w3automation/api/npm-cache/_logs/2025-08-13T14_54_19_738Z-
10 verbose logfile /Users/hunnychahar/Desktop/w3automation/api/npm-cache/_logs/2025-08-13T14_54_19_738Z-debug-0.log
11 silly logfile start cleaning logs, removing 1 files
12 silly packumentCache heap:2197815296 maxSize:549453824 maxEntrySize:274726912
13 silly logfile done cleaning log files
14 silly idealTree buildDeps
15 silly fetch manifest @monaco-editor/react@*
16 silly packumentCache full:https://registry.npmjs.org/@monaco-editor%2freact cache-miss
17 http fetch GET 200 https://registry.npmjs.org/@monaco-editor%2freact 541ms (cache miss)
18 silly packumentCache full:https://registry.npmjs.org/@monaco-editor%2freact set size:undefined disposed:false
19 silly fetch manifest monaco-editor@*
20 silly packumentCache full:https://registry.npmjs.org/monaco-editor cache-miss
21 http fetch GET 200 https://registry.npmjs.org/monaco-editor 213ms (cache miss)
22 silly packumentCache full:https://registry.npmjs.org/monaco-editor set size:undefined disposed:false
23 silly fetch manifest react@^16.8.0 || ^17.0.0 || ^18.0.0 || ^19.0.0
24 silly packumentCache full:https://registry.npmjs.org/react cache-miss
25 http fetch GET 200 https://registry.npmjs.org/react 197ms (cache miss)
26 silly packumentCache full:https://registry.npmjs.org/react set size:undefined disposed:false
27 silly fetch manifest react-dom@^16.8.0 || ^17.0.0 || ^18.0.0 || ^19.0.0
28 silly packumentCache full:https://registry.npmjs.org/react-dom cache-miss
29 http fetch GET 200 https://registry.npmjs.org/react-dom 305ms (cache miss)
30 silly packumentCache full:https://registry.npmjs.org/react-dom set size:undefined disposed:false
31 silly placeDep ROOT @monaco-editor/react@4.7.0 OK for: w3automation-backend@1.0.0 want: *
32 silly placeDep ROOT monaco-editor@0.52.2 OK for: @monaco-editor/react@4.7.0 want: >= 0.25.0 < 1
33 silly placeDep ROOT react@19.1.1 OK for: @monaco-editor/react@4.7.0 want: ^16.8.0 || ^17.0.0 || ^18.0.0 || ^19.0.0
34 silly placeDep ROOT react-dom@19.1.1 OK for: @monaco-editor/react@4.7.0 want: ^16.8.0 || ^17.0.0 || ^18.0.0 || ^19.0.0
35 silly placeDep ROOT monaco-editor@0.52.2 REPLACE for: w3automation-backend@1.0.0 want: *
36 silly fetch manifest @monaco-editor/loader@^1.5.0
37 silly packumentCache full:https://registry.npmjs.org/@monaco-editor%2floader cache-miss
38 silly fetch manifest scheduler@^0.26.0
39 silly packumentCache full:https://registry.npmjs.org/scheduler cache-miss
40 http fetch GET 200 https://registry.npmjs.org/@monaco-editor%2floader 314ms (cache miss)
41 silly packumentCache full:https://registry.npmjs.org/@monaco-editor%2floader set size:undefined disposed:false
42 http fetch GET 200 https://registry.npmjs.org/scheduler 558ms (cache miss)
43 silly packumentCache full:https://registry.npmjs.org/scheduler set size:undefined disposed:false
44 silly placeDep ROOT @monaco-editor/loader@1.5.0 OK for: @monaco-editor/react@4.7.0 want: ^1.5.0
45 silly fetch manifest state-local@^1.0.6
46 silly packumentCache full:https://registry.npmjs.org/state-local cache-miss
47 http fetch GET 200 https://registry.npmjs.org/state-local 94ms (cache miss)
48 silly packumentCache full:https://registry.npmjs.org/state-local set size:undefined disposed:false
49 silly placeDep ROOT state-local@1.0.7 OK for: @monaco-editor/loader@1.5.0 want: ^1.0.6
50 silly placeDep ROOT scheduler@0.26.0 OK for: react-dom@19.1.1 want: ^0.26.0
51 silly reify moves {}
52 silly audit bulk request {
52 silly audit   '@mongodb-js/saslprep': [ '1.2.2' ],
52 silly audit   '@types/node': [ '22.15.2' ],
52 silly audit   '@types/webidl-conversions': [ '7.0.3' ],
52 silly audit   '@types/whatwg-url': [ '11.0.5', '8.2.2' ],
52 silly audit   accepts: [ '1.3.8' ],
52 silly audit   anymatch: [ '3.1.3' ],
52 silly audit   'array-flatten': [ '1.1.1' ],
52 silly audit   'balanced-match': [ '1.0.2' ],
52 silly audit   bcryptjs: [ '2.4.3' ],
52 silly audit   'binary-extensions': [ '2.3.0' ],
52 silly audit   'body-parser': [ '1.20.3' ],
52 silly audit   'brace-expansion': [ '1.1.11' ],
52 silly audit   braces: [ '3.0.3' ],
52 silly audit   bson: [ '5.5.1', '6.10.3' ],
52 silly audit   'buffer-equal-constant-time': [ '1.0.1' ],
52 silly audit   bytes: [ '3.1.2' ],
52 silly audit   'call-bind-apply-helpers': [ '1.0.2' ],
52 silly audit   'call-bound': [ '1.0.4' ],
52 silly audit   chokidar: [ '3.6.0' ],
52 silly audit   'concat-map': [ '0.0.1' ],
52 silly audit   'content-disposition': [ '0.5.4' ],
52 silly audit   'content-type': [ '1.0.5' ],
52 silly audit   cookie: [ '0.7.1' ],
52 silly audit   'cookie-signature': [ '1.0.6' ],
52 silly audit   cors: [ '2.8.5' ],
52 silly audit   debug: [ '2.6.9', '4.4.0', '3.2.7' ],
52 silly audit   depd: [ '2.0.0' ],
52 silly audit   destroy: [ '1.2.0' ],
52 silly audit   dotenv: [ '16.5.0' ],
52 silly audit   'dunder-proto': [ '1.0.1' ],
52 silly audit   'ecdsa-sig-formatter': [ '1.0.11' ],
52 silly audit   'ee-first': [ '1.1.1' ],
52 silly audit   encodeurl: [ '2.0.0', '1.0.2' ],
52 silly audit   'es-define-property': [ '1.0.1' ],
52 silly audit   'es-errors': [ '1.3.0' ],
52 silly audit   'es-object-atoms': [ '1.1.1' ],
52 silly audit   'escape-html': [ '1.0.3' ],
52 silly audit   etag: [ '1.8.1' ],
52 silly audit   express: [ '4.21.2' ],
52 silly audit   'fill-range': [ '7.1.1' ],
52 silly audit   finalhandler: [ '1.3.1' ],
52 silly audit   forwarded: [ '0.2.0' ],
52 silly audit   fresh: [ '0.5.2' ],
52 silly audit   fsevents: [ '2.3.3' ],
52 silly audit   'function-bind': [ '1.1.2' ],
52 silly audit   'get-intrinsic': [ '1.3.0' ],
52 silly audit   'get-proto': [ '1.0.1' ],
52 silly audit   'glob-parent': [ '5.1.2' ],
52 silly audit   gopd: [ '1.2.0' ],
52 silly audit   graphql: [ '16.11.0' ],
52 silly audit   'graphql-http': [ '1.22.4' ],
52 silly audit   'has-flag': [ '3.0.0' ],
52 silly audit   'has-symbols': [ '1.1.0' ],
52 silly audit   hasown: [ '2.0.2' ],
52 silly audit   'http-errors': [ '2.0.0' ],
52 silly audit   'iconv-lite': [ '0.4.24' ],
52 silly audit   'ignore-by-default': [ '1.0.1' ],
52 silly audit   inherits: [ '2.0.4' ],
52 silly audit   'ip-address': [ '9.0.5' ],
52 silly audit   'ipaddr.js': [ '1.9.1' ],
52 silly audit   'is-binary-path': [ '2.1.0' ],
52 silly audit   'is-extglob': [ '2.1.1' ],
52 silly audit   'is-glob': [ '4.0.3' ],
52 silly audit   'is-number': [ '7.0.0' ],
52 silly audit   jsbn: [ '1.1.0' ],
52 silly audit   jsonwebtoken: [ '9.0.2' ],
52 silly audit   ms: [ '2.1.3', '2.0.0' ],
52 silly audit   jwa: [ '1.4.1' ],
52 silly audit   jws: [ '3.2.2' ],
52 silly audit   kareem: [ '2.5.1' ],
52 silly audit   'lodash.includes': [ '4.3.0' ],
52 silly audit   'lodash.isboolean': [ '3.0.3' ],
52 silly audit   'lodash.isinteger': [ '4.0.4' ],
52 silly audit   'lodash.isnumber': [ '3.0.3' ],
52 silly audit   'lodash.isplainobject': [ '4.0.6' ],
52 silly audit   'lodash.isstring': [ '4.0.1' ],
52 silly audit   'lodash.once': [ '4.1.1' ],
52 silly audit   'math-intrinsics': [ '1.1.0' ],
52 silly audit   'media-typer': [ '0.3.0' ],
52 silly audit   'memory-pager': [ '1.5.0' ],
52 silly audit   'merge-descriptors': [ '1.0.3' ],
52 silly audit   methods: [ '1.1.2' ],
52 silly audit   mime: [ '1.6.0' ],
52 silly audit   'mime-db': [ '1.52.0' ],
52 silly audit   'mime-types': [ '2.1.35' ],
52 silly audit   minimatch: [ '3.1.2' ],
52 silly audit   mongodb: [ '6.16.0', '5.9.2' ],
52 silly audit   'mongodb-connection-string-url': [ '3.0.2', '2.6.0' ],
52 silly audit   mongoose: [ '7.8.6' ],
52 silly audit   tr46: [ '3.0.0', '5.1.1' ],
52 silly audit   'whatwg-url': [ '11.0.0', '14.2.0' ],
52 silly audit   mpath: [ '0.9.0' ],
52 silly audit   mquery: [ '5.0.0' ],
52 silly audit   negotiator: [ '0.6.3' ],
52 silly audit   nodemon: [ '2.0.22' ],
52 silly audit   semver: [ '5.7.2', '7.7.1', '7.0.0' ],
52 silly audit   'normalize-path': [ '3.0.0' ],
52 silly audit   'object-assign': [ '4.1.1' ],
52 silly audit   'object-inspect': [ '1.13.4' ],
52 silly audit   'on-finished': [ '2.4.1' ],
52 silly audit   parseurl: [ '1.3.3' ],
52 silly audit   'path-to-regexp': [ '0.1.12' ],
52 silly audit   picomatch: [ '2.3.1' ],
52 silly audit   'proxy-addr': [ '2.0.7' ],
52 silly audit   'pstree.remy': [ '1.1.8' ],
52 silly audit   punycode: [ '2.3.1' ],
52 silly audit   qs: [ '6.13.0' ],
52 silly audit   'range-parser': [ '1.2.1' ],
52 silly audit   'raw-body': [ '2.5.2' ],
52 silly audit   readdirp: [ '3.6.0' ],
52 silly audit   'safe-buffer': [ '5.2.1' ],
52 silly audit   'safer-buffer': [ '2.1.2' ],
52 silly audit   send: [ '0.19.0' ],
52 silly audit   'serve-static': [ '1.16.2' ],
52 silly audit   setprototypeof: [ '1.2.0' ],
52 silly audit   'side-channel': [ '1.1.0' ],
52 silly audit   'side-channel-list': [ '1.0.0' ],
52 silly audit   'side-channel-map': [ '1.0.1' ],
52 silly audit   'side-channel-weakmap': [ '1.0.2' ],
52 silly audit   sift: [ '16.0.1' ],
52 silly audit   'simple-update-notifier': [ '1.1.0' ],
52 silly audit   'smart-buffer': [ '4.2.0' ],
52 silly audit   socks: [ '2.8.4' ],
52 silly audit   'sparse-bitfield': [ '3.0.3' ],
52 silly audit   'sprintf-js': [ '1.1.3' ],
52 silly audit   statuses: [ '2.0.1' ],
52 silly audit   'supports-color': [ '5.5.0' ],
52 silly audit   'to-regex-range': [ '5.0.1' ],
52 silly audit   toidentifier: [ '1.0.1' ],
52 silly audit   touch: [ '3.1.1' ],
52 silly audit   'type-is': [ '1.6.18' ],
52 silly audit   undefsafe: [ '2.0.5' ],
52 silly audit   'undici-types': [ '6.21.0' ],
52 silly audit   unpipe: [ '1.0.0' ],
52 silly audit   'utils-merge': [ '1.0.1' ],
52 silly audit   vary: [ '1.1.2' ],
52 silly audit   'webidl-conversions': [ '7.0.0' ],
52 silly audit   '@monaco-editor/react': [ '4.7.0' ],
52 silly audit   react: [ '19.1.1' ],
52 silly audit   'react-dom': [ '19.1.1' ],
52 silly audit   'monaco-editor': [ '0.52.2' ],
52 silly audit   '@monaco-editor/loader': [ '1.5.0' ],
52 silly audit   'state-local': [ '1.0.7' ],
52 silly audit   scheduler: [ '0.26.0' ]
52 silly audit }
53 http cache state-local@https://registry.npmjs.org/state-local/-/state-local-1.0.7.tgz 0ms (cache hit)
54 http cache scheduler@https://registry.npmjs.org/scheduler/-/scheduler-0.26.0.tgz 0ms (cache hit)
55 http cache @monaco-editor/loader@https://registry.npmjs.org/@monaco-editor/loader/-/loader-1.5.0.tgz 0ms (cache hit)
56 http cache monaco-editor@https://registry.npmjs.org/monaco-editor/-/monaco-editor-0.52.2.tgz 0ms (cache hit)
57 http cache react-dom@https://registry.npmjs.org/react-dom/-/react-dom-19.1.1.tgz 0ms (cache hit)
58 http cache react@https://registry.npmjs.org/react/-/react-19.1.1.tgz 0ms (cache hit)
59 http cache @monaco-editor/react@https://registry.npmjs.org/@monaco-editor/react/-/react-4.7.0.tgz 0ms (cache hit)
60 silly tarball no local data for state-local@https://registry.npmjs.org/state-local/-/state-local-1.0.7.tgz. Extracting by manifest.
61 silly tarball no local data for scheduler@https://registry.npmjs.org/scheduler/-/scheduler-0.26.0.tgz. Extracting by manifest.
62 silly tarball no local data for @monaco-editor/loader@https://registry.npmjs.org/@monaco-editor/loader/-/loader-1.5.0.tgz. Extracting by manifest.
63 silly tarball no local data for monaco-editor@https://registry.npmjs.org/monaco-editor/-/monaco-editor-0.52.2.tgz. Extracting by manifest.
64 silly tarball no local data for react-dom@https://registry.npmjs.org/react-dom/-/react-dom-19.1.1.tgz. Extracting by manifest.
65 silly tarball no local data for react@https://registry.npmjs.org/react/-/react-19.1.1.tgz. Extracting by manifest.
66 silly tarball no local data for @monaco-editor/react@https://registry.npmjs.org/@monaco-editor/react/-/react-4.7.0.tgz. Extracting by manifest.
67 http fetch GET 200 https://registry.npmjs.org/state-local/-/state-local-1.0.7.tgz 102ms (cache miss)
68 http fetch GET 200 https://registry.npmjs.org/react/-/react-19.1.1.tgz 316ms (cache miss)
69 http fetch GET 200 https://registry.npmjs.org/scheduler/-/scheduler-0.26.0.tgz 325ms (cache miss)
70 http fetch POST 200 https://registry.npmjs.org/-/npm/v1/security/advisories/bulk 357ms
71 silly audit report {
71 silly audit report   'brace-expansion': [
71 silly audit report     {
71 silly audit report       id: 1105443,
71 silly audit report       url: 'https://github.com/advisories/GHSA-v6h2-p8h4-qcjw',
71 silly audit report       title: 'brace-expansion Regular Expression Denial of Service vulnerability',
71 silly audit report       severity: 'low',
71 silly audit report       vulnerable_versions: '>=1.0.0 <=1.1.11',
71 silly audit report       cwe: [Array],
71 silly audit report       cvss: [Object]
71 silly audit report     }
71 silly audit report   ],
71 silly audit report   semver: [
71 silly audit report     {
71 silly audit report       id: 1101088,
71 silly audit report       url: 'https://github.com/advisories/GHSA-c2qf-rxjj-qqgw',
71 silly audit report       title: 'semver vulnerable to Regular Expression Denial of Service',
71 silly audit report       severity: 'high',
71 silly audit report       vulnerable_versions: '>=7.0.0 <7.5.2',
71 silly audit report       cwe: [Array],
71 silly audit report       cvss: [Object]
71 silly audit report     }
71 silly audit report   ]
71 silly audit report }
72 silly packumentCache corgi:https://registry.npmjs.org/brace-expansion cache-miss
73 silly packumentCache corgi:https://registry.npmjs.org/semver cache-miss
74 http fetch GET 200 https://registry.npmjs.org/semver 97ms (cache revalidated)
75 silly packumentCache corgi:https://registry.npmjs.org/semver set size:94787 disposed:false
76 http fetch GET 200 https://registry.npmjs.org/brace-expansion 98ms (cache revalidated)
77 silly packumentCache corgi:https://registry.npmjs.org/brace-expansion set size:16192 disposed:false
78 silly packumentCache corgi:https://registry.npmjs.org/minimatch cache-miss
79 http fetch GET 200 https://registry.npmjs.org/@monaco-editor/react/-/react-4.7.0.tgz 518ms (cache miss)
80 http fetch GET 200 https://registry.npmjs.org/@monaco-editor/loader/-/loader-1.5.0.tgz 523ms (cache miss)
81 http fetch GET 200 https://registry.npmjs.org/react-dom/-/react-dom-19.1.1.tgz 552ms (cache miss)
82 http fetch GET 200 https://registry.npmjs.org/minimatch 108ms (cache revalidated)
83 silly packumentCache corgi:https://registry.npmjs.org/minimatch set size:143741 disposed:false
84 silly packumentCache corgi:https://registry.npmjs.org/simple-update-notifier cache-miss
85 http fetch GET 200 https://registry.npmjs.org/simple-update-notifier 96ms (cache revalidated)
86 silly packumentCache corgi:https://registry.npmjs.org/simple-update-notifier set size:21489 disposed:false
87 silly packumentCache corgi:https://registry.npmjs.org/nodemon cache-miss
88 http fetch GET 200 https://registry.npmjs.org/nodemon 90ms (cache revalidated)
89 silly packumentCache corgi:https://registry.npmjs.org/nodemon set size:277481 disposed:false
90 http fetch GET 200 https://registry.npmjs.org/monaco-editor/-/monaco-editor-0.52.2.tgz 1223ms (cache miss)
91 silly ADD node_modules/scheduler
92 silly ADD node_modules/state-local
93 silly ADD node_modules/@monaco-editor/loader
94 silly ADD node_modules/monaco-editor
95 silly ADD node_modules/react-dom
96 silly ADD node_modules/react
97 silly ADD node_modules/@monaco-editor/react
98 verbose cwd /Users/hunnychahar/Desktop/w3automation/api
99 verbose os Darwin 25.0.0
100 verbose node v22.17.1
101 verbose npm  v10.9.2
102 verbose exit 0
103 info ok
